INFO (2024-03-02 14:40:15,159): *****Стартуем!!***** (Line: 29) [pa_websocket_process.py]
INFO (2024-03-02 14:41:26,794): *****Стартуем!!***** (Line: 29) [pa_websocket_process.py]
INFO (2024-03-02 14:41:44,011): *****Стартуем!!***** (Line: 29) [pa_websocket_process.py]
INFO (2024-03-02 14:42:27,721): *****Стартуем!!***** (Line: 29) [pa_websocket_process.py]
INFO (2024-03-02 17:35:09,767): *****Стартуем!!***** (Line: 29) [pa_websocket_process.py]
INFO (2024-03-03 00:23:23,512): *****Стартуем!!***** (Line: 29) [pa_websocket_process.py]
INFO (2024-03-03 00:23:36,302): *****Стартуем!!***** (Line: 29) [pa_websocket_process.py]
INFO (2024-03-03 00:31:17,144): *****Стартуем!!***** (Line: 29) [pa_websocket_process.py]
INFO (2024-03-03 03:26:41,306): *****Стартуем!!***** (Line: 29) [pa_websocket_process.py]
INFO (2024-03-03 03:29:02,170): *****Стартуем!!***** (Line: 29) [pa_websocket_process.py]
INFO (2024-03-03 03:47:55,994): *****Стартуем!!***** (Line: 29) [pa_websocket_process.py]
INFO (2024-03-03 10:44:52,750): *****Стартуем!!***** (Line: 29) [pa_websocket_process.py]
INFO (2024-03-03 11:05:28,952): *****Стартуем!!***** (Line: 29) [pa_websocket_process.py]
INFO (2024-03-03 11:06:45,254): *****Стартуем!!***** (Line: 29) [pa_websocket_process.py]
INFO (2024-03-03 11:19:06,218): *****Стартуем!!***** (Line: 29) [pa_websocket_process.py]
INFO (2024-03-03 11:25:52,375): *****Стартуем!!***** (Line: 29) [pa_websocket_process.py]
INFO (2024-03-03 20:45:40,244): *****Стартуем!!***** (Line: 29) [pa_websocket_process.py]
INFO (2024-03-03 20:47:22,901): *****Запуск, сохранения 5000 цен***** (Line: 170) [pb_price_5000_process.py]
INFO (2024-03-03 20:53:37,991): *****Стартуем!!***** (Line: 29) [pa_websocket_process.py]
INFO (2024-03-03 20:55:30,719): *****Запуск, сохранения 5000 цен***** (Line: 170) [pb_price_5000_process.py]
INFO (2024-03-03 21:04:05,820): *****Запуск, сохранения 5000 цен***** (Line: 170) [pb_price_5000_process.py]
INFO (2024-03-03 21:09:10,942): *****Запуск, сохранения 5000 цен***** (Line: 170) [pb_price_5000_process.py]
INFO (2024-03-03 23:05:26,127): *****Стартуем!!***** (Line: 29) [pa_websocket_process.py]
INFO (2024-03-03 23:07:35,558): *****Стартуем!!***** (Line: 29) [pa_websocket_process.py]
INFO (2024-03-04 07:45:53,619): *****Стартуем!!***** (Line: 29) [pa_websocket_process.py]
INFO (2024-03-04 16:59:20,807): *****Стартуем!!***** (Line: 29) [pa_websocket_process.py]
INFO (2024-03-04 22:34:46,950): *****Запуск, сохранения 5000 цен***** (Line: 170) [pb_price_5000_process.py]
INFO (2024-03-04 22:35:26,500): *****Стартуем!!***** (Line: 29) [pa_websocket_process.py]
INFO (2024-03-04 22:48:46,893): *****Стартуем!!***** (Line: 29) [pa_websocket_process.py]
INFO (2024-03-04 22:49:35,562): *****Запуск, сохранения 5000 цен***** (Line: 170) [pb_price_5000_process.py]
INFO (2024-03-04 23:05:23,431): *****Стартуем!!***** (Line: 29) [pa_websocket_process.py]
INFO (2024-03-04 23:05:41,435): *****Запуск, сохранения 5000 цен***** (Line: 170) [pb_price_5000_process.py]
INFO (2024-03-04 23:18:28,245): *****Стартуем!!***** (Line: 29) [pa_websocket_process.py]
INFO (2024-03-04 23:18:35,798): *****Запуск, сохранения 5000 цен***** (Line: 170) [pb_price_5000_process.py]
INFO (2024-03-05 16:05:04,819): *****Стартуем!!***** (Line: 29) [pa_websocket_process.py]
INFO (2024-03-05 16:07:06,551): *****Стартуем!!***** (Line: 29) [pa_websocket_process.py]
INFO (2024-03-05 16:10:59,459): *****Стартуем!!***** (Line: 29) [pa_websocket_process.py]
INFO (2024-03-05 16:12:43,523): *****Стартуем!!***** (Line: 29) [pa_websocket_process.py]
INFO (2024-03-05 16:18:19,947): *****Стартуем!!***** (Line: 29) [pa_websocket_process.py]
INFO (2024-03-05 16:21:56,375): *****Стартуем!!***** (Line: 29) [pa_websocket_process.py]
INFO (2024-03-05 16:24:08,919): *****Стартуем!!***** (Line: 29) [pa_websocket_process.py]
INFO (2024-03-05 16:26:38,211): *****Стартуем!!***** (Line: 29) [pa_websocket_process.py]
INFO (2024-03-05 16:29:25,126): *****Стартуем!!***** (Line: 29) [pa_websocket_process.py]
INFO (2024-03-05 16:31:48,086): *****Стартуем!!***** (Line: 29) [pa_websocket_process.py]
INFO (2024-03-05 16:33:47,219): *****Стартуем!!***** (Line: 29) [pa_websocket_process.py]
INFO (2024-03-05 16:40:37,523): *****Стартуем!!***** (Line: 29) [pa_websocket_process.py]
INFO (2024-03-05 16:55:43,844): *****Стартуем!!***** (Line: 29) [pa_websocket_process.py]
INFO (2024-03-05 17:03:14,875): *****Стартуем!!***** (Line: 29) [pa_websocket_process.py]
INFO (2024-03-05 17:06:03,742): *****Стартуем!!***** (Line: 29) [pa_websocket_process.py]
INFO (2024-03-05 17:08:11,607): *****Стартуем!!***** (Line: 29) [pa_websocket_process.py]
INFO (2024-03-05 17:09:39,167): *****Стартуем!!***** (Line: 29) [pa_websocket_process.py]
INFO (2024-03-05 17:13:45,103): *****Стартуем!!***** (Line: 29) [pa_websocket_process.py]
INFO (2024-03-05 17:16:58,991): *****Стартуем!!***** (Line: 29) [pa_websocket_process.py]
INFO (2024-03-05 17:19:06,179): *****Стартуем!!***** (Line: 29) [pa_websocket_process.py]
INFO (2024-03-05 17:21:36,287): *****Стартуем!!***** (Line: 29) [pa_websocket_process.py]
INFO (2024-03-05 17:23:00,807): *****Стартуем!!***** (Line: 29) [pa_websocket_process.py]
INFO (2024-03-05 17:24:19,663): *****Стартуем!!***** (Line: 29) [pa_websocket_process.py]
INFO (2024-03-05 17:26:00,251): *****Стартуем!!***** (Line: 29) [pa_websocket_process.py]
INFO (2024-03-05 17:27:18,419): *****Стартуем!!***** (Line: 29) [pa_websocket_process.py]
INFO (2024-03-05 17:32:09,943): *****Стартуем!!***** (Line: 29) [pa_websocket_process.py]
INFO (2024-03-05 17:35:45,571): *****Стартуем!!***** (Line: 29) [pa_websocket_process.py]
INFO (2024-03-05 17:37:47,527): *****Стартуем!!***** (Line: 29) [pa_websocket_process.py]
INFO (2024-03-05 17:39:23,055): *****Стартуем!!***** (Line: 29) [pa_websocket_process.py]
INFO (2024-03-05 17:41:20,771): *****Стартуем!!***** (Line: 29) [pa_websocket_process.py]
INFO (2024-03-05 17:43:52,871): *****Стартуем!!***** (Line: 29) [pa_websocket_process.py]
INFO (2024-03-05 17:45:44,535): *****Стартуем!!***** (Line: 29) [pa_websocket_process.py]
INFO (2024-03-05 17:47:29,563): *****Стартуем!!***** (Line: 29) [pa_websocket_process.py]
INFO (2024-03-05 17:48:49,111): *****Стартуем!!***** (Line: 29) [pa_websocket_process.py]
INFO (2024-03-05 17:50:34,935): *****Стартуем!!***** (Line: 29) [pa_websocket_process.py]
INFO (2024-03-05 17:52:25,103): *****Стартуем!!***** (Line: 29) [pa_websocket_process.py]
INFO (2024-03-05 17:54:39,035): *****Стартуем!!***** (Line: 29) [pa_websocket_process.py]
INFO (2024-03-05 18:06:53,082): *****Стартуем!!***** (Line: 29) [pa_websocket_process.py]
INFO (2024-03-05 19:26:38,834): *****Стартуем!!***** (Line: 29) [pa_websocket_process.py]
INFO (2024-03-05 20:59:49,635): *****Стартуем!!***** (Line: 29) [pa_websocket_process.py]
INFO (2024-03-05 22:01:32,235): *****Стартуем!!***** (Line: 29) [pa_websocket_process.py]
INFO (2024-03-05 22:03:09,563): *****Стартуем!!***** (Line: 29) [pa_websocket_process.py]
INFO (2024-03-05 22:37:17,483): *****Стартуем!!***** (Line: 29) [pa_websocket_process.py]
INFO (2024-03-05 22:40:22,893): *****Стартуем!!***** (Line: 29) [pa_websocket_process.py]
INFO (2024-03-05 22:43:09,383): *****Стартуем!!***** (Line: 29) [pa_websocket_process.py]
INFO (2024-03-05 22:47:06,302): *****Стартуем!!***** (Line: 29) [pa_websocket_process.py]
INFO (2024-03-05 22:49:46,527): *****Стартуем!!***** (Line: 29) [pa_websocket_process.py]
INFO (2024-03-05 22:51:05,315): *****Стартуем!!***** (Line: 29) [pa_websocket_process.py]
INFO (2024-03-05 23:01:33,055): *****Стартуем!!***** (Line: 29) [pa_websocket_process.py]
INFO (2024-03-05 23:12:28,043): *****Стартуем!!***** (Line: 29) [pa_websocket_process.py]
INFO (2024-03-05 23:21:13,697): *****Стартуем!!***** (Line: 29) [pa_websocket_process.py]
INFO (2024-03-05 23:22:40,923): *****Стартуем!!***** (Line: 29) [pa_websocket_process.py]
INFO (2024-03-05 23:28:06,435): *****Стартуем!!***** (Line: 29) [pa_websocket_process.py]
INFO (2024-03-05 23:29:32,647): *****Стартуем!!***** (Line: 29) [pa_websocket_process.py]
INFO (2024-03-05 23:30:50,546): *****Стартуем!!***** (Line: 29) [pa_websocket_process.py]
INFO (2024-03-05 23:32:21,635): *****Стартуем!!***** (Line: 29) [pa_websocket_process.py]
INFO (2024-03-06 11:43:55,186): *****Стартуем!!***** (Line: 29) [pa_websocket_process.py]
INFO (2024-03-06 11:48:33,871): *****Стартуем!!***** (Line: 29) [pa_websocket_process.py]
INFO (2024-03-06 11:55:00,871): *****Стартуем!!***** (Line: 29) [pa_websocket_process.py]
INFO (2024-03-07 17:55:35,447): *****Стартуем!!***** (Line: 29) [pa_websocket_process.py]
INFO (2024-03-07 22:40:27,705): *****НАХОДИМ РАСТУЩУЮ МОНЕТУ***** (Line: 86) [pb_price_reversal.py]
CRITICAL (2024-03-07 22:40:28,265): ICPUSDT, 12.621335729191891, 1.0703982560050356, 15.203 (Line: 73) [pb_price_reversal.py]
CRITICAL (2024-03-07 22:40:32,895): ICPUSDT, 12.621335729191891, 1.0703982560050356, 15.203 (Line: 73) [pb_price_reversal.py]
INFO (2024-03-07 22:42:45,536): *****НАХОДИМ РАСТУЩУЮ МОНЕТУ***** (Line: 89) [pb_price_reversal.py]
CRITICAL (2024-03-07 22:42:46,027): ICPUSDT, 12.621335729191891, 1.0703982560050356, 15.203 (Line: 73) [pb_price_reversal.py]
CRITICAL (2024-03-07 22:42:56,517): ICPUSDT, 12.621335729191891, 1.0703982560050356, 15.203 (Line: 73) [pb_price_reversal.py]
CRITICAL (2024-03-07 22:43:01,420): ICPUSDT, 12.621335729191891, 1.0703982560050356, 15.203 (Line: 73) [pb_price_reversal.py]
CRITICAL (2024-03-07 22:43:06,396): ICPUSDT, 12.621335729191891, 1.0703982560050356, 15.203 (Line: 73) [pb_price_reversal.py]
CRITICAL (2024-03-07 22:43:11,300): ICPUSDT, 12.621335729191891, 1.0703982560050356, 15.203 (Line: 73) [pb_price_reversal.py]
CRITICAL (2024-03-07 22:43:16,269): ICPUSDT, 12.621335729191891, 1.0703982560050356, 15.203 (Line: 73) [pb_price_reversal.py]
CRITICAL (2024-03-07 22:43:21,454): ICPUSDT, 12.621335729191891, 1.0703982560050356, 15.203 (Line: 73) [pb_price_reversal.py]
CRITICAL (2024-03-07 22:43:26,247): ICPUSDT, 12.621335729191891, 1.0703982560050356, 15.203 (Line: 73) [pb_price_reversal.py]
CRITICAL (2024-03-07 22:43:31,317): ICPUSDT, 12.621335729191891, 1.0703982560050356, 15.203 (Line: 73) [pb_price_reversal.py]
CRITICAL (2024-03-07 22:43:36,398): ICPUSDT, 12.621335729191891, 1.0703982560050356, 15.203 (Line: 73) [pb_price_reversal.py]
CRITICAL (2024-03-07 22:43:41,429): ICPUSDT, 12.621335729191891, 1.0703982560050356, 15.203 (Line: 73) [pb_price_reversal.py]
CRITICAL (2024-03-07 22:43:46,095): ICPUSDT, 12.621335729191891, 1.0703982560050356, 15.203 (Line: 73) [pb_price_reversal.py]
CRITICAL (2024-03-07 22:43:50,921): ICPUSDT, 12.621335729191891, 1.0703982560050356, 15.203 (Line: 73) [pb_price_reversal.py]
CRITICAL (2024-03-07 22:43:55,735): ICPUSDT, 12.621335729191891, 1.0703982560050356, 15.203 (Line: 73) [pb_price_reversal.py]
CRITICAL (2024-03-07 22:44:01,004): ICPUSDT, 12.621335729191891, 1.0703982560050356, 15.203 (Line: 73) [pb_price_reversal.py]
CRITICAL (2024-03-07 22:44:05,959): ICPUSDT, 12.621335729191891, 1.0703982560050356, 15.203 (Line: 73) [pb_price_reversal.py]
CRITICAL (2024-03-07 22:44:10,855): ICPUSDT, 12.621335729191891, 1.0703982560050356, 15.203 (Line: 73) [pb_price_reversal.py]
CRITICAL (2024-03-07 22:44:15,596): ICPUSDT, 12.621335729191891, 1.0703982560050356, 15.203 (Line: 73) [pb_price_reversal.py]
CRITICAL (2024-03-07 22:44:20,534): ICPUSDT, 12.621335729191891, 1.0703982560050356, 15.203 (Line: 73) [pb_price_reversal.py]
CRITICAL (2024-03-07 22:44:25,242): ICPUSDT, 12.621335729191891, 1.0703982560050356, 15.203 (Line: 73) [pb_price_reversal.py]
CRITICAL (2024-03-07 22:44:29,964): ICPUSDT, 12.621335729191891, 1.0703982560050356, 15.203 (Line: 73) [pb_price_reversal.py]
CRITICAL (2024-03-07 22:44:34,652): ICPUSDT, 12.621335729191891, 1.0703982560050356, 15.203 (Line: 73) [pb_price_reversal.py]
CRITICAL (2024-03-07 22:44:39,348): ICPUSDT, 12.621335729191891, 1.0703982560050356, 15.203 (Line: 73) [pb_price_reversal.py]
INFO (2024-03-07 22:45:05,039): *****Стартуем!!***** (Line: 29) [pa_websocket_process.py]
INFO (2024-03-07 22:45:24,888): *****Запуск, сохранения 5000 цен***** (Line: 170) [pb_price_5000_process.py]
INFO (2024-03-07 22:49:33,858): *****НАХОДИМ РАСТУЩУЮ МОНЕТУ***** (Line: 89) [pb_price_reversal.py]
CRITICAL (2024-03-07 22:49:34,377): MANTAUSDT, 30.762858771226103, 1.1842845495443877, 3.577 (Line: 73) [pb_price_reversal.py]
CRITICAL (2024-03-07 22:49:34,717): XEMUSDT, 8.806875519899444, 0.7160713045689912, 0.054 (Line: 73) [pb_price_reversal.py]
CRITICAL (2024-03-07 22:49:34,832): GRTUSDT, 15.595260637156738, 1.3872571762919155, 0.35075 (Line: 73) [pb_price_reversal.py]
CRITICAL (2024-03-07 22:49:34,989): STGUSDT, 5.806026768176579, 0.5609188353390495, 0.7315 (Line: 73) [pb_price_reversal.py]
CRITICAL (2024-03-07 22:49:35,134): ONDOUSDT, 21.068574099857848, 1.4082989505726236, 0.5888 (Line: 73) [pb_price_reversal.py]
CRITICAL (2024-03-07 22:49:35,257): XAIUSDT, 14.073202533705597, 0.8247578684851683, 1.4288 (Line: 73) [pb_price_reversal.py]
CRITICAL (2024-03-07 22:49:42,511): SUPERUSDT, 15.276416995293573, 0.9974896381174208, 1.561 (Line: 73) [pb_price_reversal.py]
CRITICAL (2024-03-07 22:49:42,706): DYDXUSDT, 14.167155785480384, 1.1579765898552181, 4.182 (Line: 73) [pb_price_reversal.py]
CRITICAL (2024-03-07 22:49:42,873): OPUSDT, 17.311421284530056, 1.3512971738010497, 4.6156 (Line: 73) [pb_price_reversal.py]
CRITICAL (2024-03-07 22:49:43,036): GTCUSDT, 17.130647852825618, 1.5853970725655946, 2.284 (Line: 73) [pb_price_reversal.py]
CRITICAL (2024-03-07 22:49:43,186): SOLUSDT, 13.043386025800816, 0.9638313301432192, 148.351 (Line: 73) [pb_price_reversal.py]
INFO (2024-03-07 23:16:26,896): *****НАХОДИМ РАСТУЩУЮ МОНЕТУ***** (Line: 89) [pb_price_reversal.py]
ERROR (2024-03-07 23:16:27,394): *****СБОЙ ПОИСКА РАСТУЩЕЙ МОНЕТЫ, ПЕРЕПОДКЛЮЧЕНИЕ***** (Line: 96) [pb_price_reversal.py]
ERROR (2024-03-07 23:16:30,051): *****СБОЙ ПОИСКА РАСТУЩЕЙ МОНЕТЫ, ПЕРЕПОДКЛЮЧЕНИЕ***** (Line: 96) [pb_price_reversal.py]
ERROR (2024-03-07 23:16:32,910): *****СБОЙ ПОИСКА РАСТУЩЕЙ МОНЕТЫ, ПЕРЕПОДКЛЮЧЕНИЕ***** (Line: 96) [pb_price_reversal.py]
ERROR (2024-03-07 23:16:35,390): *****СБОЙ ПОИСКА РАСТУЩЕЙ МОНЕТЫ, ПЕРЕПОДКЛЮЧЕНИЕ***** (Line: 96) [pb_price_reversal.py]
ERROR (2024-03-07 23:16:38,006): *****СБОЙ ПОИСКА РАСТУЩЕЙ МОНЕТЫ, ПЕРЕПОДКЛЮЧЕНИЕ***** (Line: 96) [pb_price_reversal.py]
ERROR (2024-03-07 23:16:40,492): *****СБОЙ ПОИСКА РАСТУЩЕЙ МОНЕТЫ, ПЕРЕПОДКЛЮЧЕНИЕ***** (Line: 96) [pb_price_reversal.py]
ERROR (2024-03-07 23:16:42,968): *****СБОЙ ПОИСКА РАСТУЩЕЙ МОНЕТЫ, ПЕРЕПОДКЛЮЧЕНИЕ***** (Line: 96) [pb_price_reversal.py]
ERROR (2024-03-07 23:16:45,454): *****СБОЙ ПОИСКА РАСТУЩЕЙ МОНЕТЫ, ПЕРЕПОДКЛЮЧЕНИЕ***** (Line: 96) [pb_price_reversal.py]
ERROR (2024-03-07 23:16:47,964): *****СБОЙ ПОИСКА РАСТУЩЕЙ МОНЕТЫ, ПЕРЕПОДКЛЮЧЕНИЕ***** (Line: 96) [pb_price_reversal.py]
ERROR (2024-03-07 23:16:50,554): *****СБОЙ ПОИСКА РАСТУЩЕЙ МОНЕТЫ, ПЕРЕПОДКЛЮЧЕНИЕ***** (Line: 96) [pb_price_reversal.py]
INFO (2024-03-07 23:16:58,663): *****НАХОДИМ РАСТУЩУЮ МОНЕТУ***** (Line: 89) [pb_price_reversal.py]
ERROR (2024-03-07 23:16:59,954): *****СБОЙ ПОИСКА РАСТУЩЕЙ МОНЕТЫ, ПЕРЕПОДКЛЮЧЕНИЕ***** (Line: 96) [pb_price_reversal.py]
ERROR (2024-03-07 23:17:03,051): *****СБОЙ ПОИСКА РАСТУЩЕЙ МОНЕТЫ, ПЕРЕПОДКЛЮЧЕНИЕ***** (Line: 96) [pb_price_reversal.py]
ERROR (2024-03-07 23:17:06,136): *****СБОЙ ПОИСКА РАСТУЩЕЙ МОНЕТЫ, ПЕРЕПОДКЛЮЧЕНИЕ***** (Line: 96) [pb_price_reversal.py]
ERROR (2024-03-07 23:17:09,084): *****СБОЙ ПОИСКА РАСТУЩЕЙ МОНЕТЫ, ПЕРЕПОДКЛЮЧЕНИЕ***** (Line: 96) [pb_price_reversal.py]
ERROR (2024-03-07 23:17:12,001): *****СБОЙ ПОИСКА РАСТУЩЕЙ МОНЕТЫ, ПЕРЕПОДКЛЮЧЕНИЕ***** (Line: 96) [pb_price_reversal.py]
ERROR (2024-03-07 23:17:14,873): *****СБОЙ ПОИСКА РАСТУЩЕЙ МОНЕТЫ, ПЕРЕПОДКЛЮЧЕНИЕ***** (Line: 96) [pb_price_reversal.py]
INFO (2024-03-07 23:17:35,189): *****НАХОДИМ РАСТУЩУЮ МОНЕТУ***** (Line: 89) [pb_price_reversal.py]
CRITICAL (2024-03-07 23:17:35,641): MDTUSDT, 25.245265740717667, 3.578574469567892, 0.11712 (Line: 73) [pb_price_reversal.py]
ERROR (2024-03-07 23:17:36,306): *****СБОЙ ПОИСКА РАСТУЩЕЙ МОНЕТЫ, ПЕРЕПОДКЛЮЧЕНИЕ***** (Line: 96) [pb_price_reversal.py]
CRITICAL (2024-03-07 23:17:38,651): MDTUSDT, 25.335706001492163, 3.5827309921642336, 0.11721 (Line: 73) [pb_price_reversal.py]
ERROR (2024-03-07 23:17:38,973): *****СБОЙ ПОИСКА РАСТУЩЕЙ МОНЕТЫ, ПЕРЕПОДКЛЮЧЕНИЕ***** (Line: 96) [pb_price_reversal.py]
CRITICAL (2024-03-07 23:17:41,269): MDTUSDT, 25.222999893339175, 3.586870558809776, 0.11711 (Line: 73) [pb_price_reversal.py]
ERROR (2024-03-07 23:17:41,616): *****СБОЙ ПОИСКА РАСТУЩЕЙ МОНЕТЫ, ПЕРЕПОДКЛЮЧЕНИЕ***** (Line: 96) [pb_price_reversal.py]
ERROR (2024-03-07 23:17:44,103): *****СБОЙ ПОИСКА РАСТУЩЕЙ МОНЕТЫ, ПЕРЕПОДКЛЮЧЕНИЕ***** (Line: 96) [pb_price_reversal.py]
ERROR (2024-03-07 23:17:46,651): *****СБОЙ ПОИСКА РАСТУЩЕЙ МОНЕТЫ, ПЕРЕПОДКЛЮЧЕНИЕ***** (Line: 96) [pb_price_reversal.py]
INFO (2024-03-07 23:19:09,428): *****НАХОДИМ РАСТУЩУЮ МОНЕТУ***** (Line: 89) [pb_price_reversal.py]
ERROR (2024-03-07 23:19:10,356): *****СБОЙ ПОИСКА РАСТУЩЕЙ МОНЕТЫ, ПЕРЕПОДКЛЮЧЕНИЕ***** (Line: 96) [pb_price_reversal.py]
INFO (2024-03-07 23:22:59,620): *****НАХОДИМ РАСТУЩУЮ МОНЕТУ***** (Line: 89) [pb_price_reversal.py]
ERROR (2024-03-07 23:23:00,137): *****СБОЙ ПОИСКА РАСТУЩЕЙ МОНЕТЫ, ПЕРЕПОДКЛЮЧЕНИЕ***** (Line: 96) [pb_price_reversal.py]
ERROR (2024-03-07 23:23:02,644): *****СБОЙ ПОИСКА РАСТУЩЕЙ МОНЕТЫ, ПЕРЕПОДКЛЮЧЕНИЕ***** (Line: 96) [pb_price_reversal.py]
ERROR (2024-03-07 23:23:05,216): *****СБОЙ ПОИСКА РАСТУЩЕЙ МОНЕТЫ, ПЕРЕПОДКЛЮЧЕНИЕ***** (Line: 96) [pb_price_reversal.py]
ERROR (2024-03-07 23:23:07,672): *****СБОЙ ПОИСКА РАСТУЩЕЙ МОНЕТЫ, ПЕРЕПОДКЛЮЧЕНИЕ***** (Line: 96) [pb_price_reversal.py]
ERROR (2024-03-07 23:23:10,126): *****СБОЙ ПОИСКА РАСТУЩЕЙ МОНЕТЫ, ПЕРЕПОДКЛЮЧЕНИЕ***** (Line: 96) [pb_price_reversal.py]
